2023-07-25 22:19:23,590:WARNING:
'cuml' is a soft dependency and not included in the pycaret installation. Please run: `pip install cuml` to install.
2023-07-25 22:19:23,590:WARNING:
'cuml' is a soft dependency and not included in the pycaret installation. Please run: `pip install cuml` to install.
2023-07-25 22:19:23,590:WARNING:
'cuml' is a soft dependency and not included in the pycaret installation. Please run: `pip install cuml` to install.
2023-07-25 22:19:23,591:WARNING:
'cuml' is a soft dependency and not included in the pycaret installation. Please run: `pip install cuml` to install.
2023-07-25 22:54:28,129:INFO:PyCaret ClusteringExperiment
2023-07-25 22:54:28,130:INFO:Logging name: cluster-default-name
2023-07-25 22:54:28,130:INFO:ML Usecase: MLUsecase.CLUSTERING
2023-07-25 22:54:28,131:INFO:version 3.0.4
2023-07-25 22:54:28,131:INFO:Initializing setup()
2023-07-25 22:54:28,131:INFO:self.USI: c911
2023-07-25 22:54:28,131:INFO:self._variable_keys: {'exp_name_log', 'gpu_n_jobs_param', 'seed', '_ml_usecase', 'exp_id', 'data', 'logging_param', 'html_param', '_available_plots', 'n_jobs_param', 'X', 'memory', 'idx', 'pipeline', 'gpu_param', 'USI', 'log_plots_param'}
2023-07-25 22:54:28,131:INFO:Checking environment
2023-07-25 22:54:28,132:INFO:python_version: 3.9.13
2023-07-25 22:54:28,132:INFO:python_build: ('main', 'Aug 25 2022 18:29:29')
2023-07-25 22:54:28,132:INFO:machine: x86_64
2023-07-25 22:54:28,132:INFO:platform: macOS-10.16-x86_64-i386-64bit
2023-07-25 22:54:28,132:INFO:Memory: svmem(total=8589934592, available=2757967872, percent=67.9, used=4162064384, free=237694976, active=2521903104, inactive=2339536896, wired=1640161280)
2023-07-25 22:54:28,133:INFO:Physical Core: 2
2023-07-25 22:54:28,133:INFO:Logical Core: 4
2023-07-25 22:54:28,133:INFO:Checking libraries
2023-07-25 22:54:28,133:INFO:System:
2023-07-25 22:54:28,133:INFO:    python: 3.9.13 (main, Aug 25 2022, 18:29:29)  [Clang 12.0.0 ]
2023-07-25 22:54:28,133:INFO:executable: /Users/iremkurt/opt/anaconda3/bin/python
2023-07-25 22:54:28,133:INFO:   machine: macOS-10.16-x86_64-i386-64bit
2023-07-25 22:54:28,133:INFO:PyCaret required dependencies:
2023-07-25 22:54:28,267:INFO:                 pip: 23.2
2023-07-25 22:54:28,268:INFO:          setuptools: 63.4.1
2023-07-25 22:54:28,268:INFO:             pycaret: 3.0.4
2023-07-25 22:54:28,268:INFO:             IPython: 8.14.0
2023-07-25 22:54:28,268:INFO:          ipywidgets: 7.7.5
2023-07-25 22:54:28,268:INFO:                tqdm: 4.64.1
2023-07-25 22:54:28,268:INFO:               numpy: 1.23.5
2023-07-25 22:54:28,268:INFO:              pandas: 1.3.1
2023-07-25 22:54:28,268:INFO:              jinja2: 3.1.2
2023-07-25 22:54:28,268:INFO:               scipy: 1.9.1
2023-07-25 22:54:28,268:INFO:              joblib: 1.3.1
2023-07-25 22:54:28,268:INFO:             sklearn: 1.0.2
2023-07-25 22:54:28,268:INFO:                pyod: 1.1.0
2023-07-25 22:54:28,268:INFO:            imblearn: 0.11.0
2023-07-25 22:54:28,269:INFO:   category_encoders: 2.6.1
2023-07-25 22:54:28,269:INFO:            lightgbm: 4.0.0
2023-07-25 22:54:28,269:INFO:               numba: 0.57.1
2023-07-25 22:54:28,269:INFO:            requests: 2.28.1
2023-07-25 22:54:28,269:INFO:          matplotlib: 3.6.0
2023-07-25 22:54:28,269:INFO:          scikitplot: 0.3.7
2023-07-25 22:54:28,269:INFO:         yellowbrick: 1.5
2023-07-25 22:54:28,269:INFO:              plotly: 5.15.0
2023-07-25 22:54:28,269:INFO:    plotly-resampler: Not installed
2023-07-25 22:54:28,269:INFO:             kaleido: 0.2.1
2023-07-25 22:54:28,269:INFO:           schemdraw: 0.15
2023-07-25 22:54:28,269:INFO:         statsmodels: 0.13.2
2023-07-25 22:54:28,269:INFO:              sktime: 0.20.0
2023-07-25 22:54:28,269:INFO:               tbats: 1.1.3
2023-07-25 22:54:28,269:INFO:            pmdarima: 2.0.3
2023-07-25 22:54:28,269:INFO:              psutil: 5.9.5
2023-07-25 22:54:28,269:INFO:          markupsafe: 2.1.3
2023-07-25 22:54:28,269:INFO:             pickle5: Not installed
2023-07-25 22:54:28,269:INFO:         cloudpickle: 2.2.1
2023-07-25 22:54:28,269:INFO:         deprecation: 2.1.0
2023-07-25 22:54:28,270:INFO:              xxhash: 3.2.0
2023-07-25 22:54:28,270:INFO:           wurlitzer: 3.0.2
2023-07-25 22:54:28,270:INFO:PyCaret optional dependencies:
2023-07-25 22:54:29,154:INFO:                shap: 0.42.1
2023-07-25 22:54:29,155:INFO:           interpret: Not installed
2023-07-25 22:54:29,155:INFO:                umap: Not installed
2023-07-25 22:54:29,155:INFO:    pandas_profiling: 0.0.dev0
2023-07-25 22:54:29,155:INFO:  explainerdashboard: Not installed
2023-07-25 22:54:29,155:INFO:             autoviz: Not installed
2023-07-25 22:54:29,155:INFO:           fairlearn: Not installed
2023-07-25 22:54:29,155:INFO:          deepchecks: Not installed
2023-07-25 22:54:29,155:INFO:             xgboost: 1.7.6
2023-07-25 22:54:29,155:INFO:            catboost: Not installed
2023-07-25 22:54:29,155:INFO:              kmodes: Not installed
2023-07-25 22:54:29,155:INFO:             mlxtend: Not installed
2023-07-25 22:54:29,155:INFO:       statsforecast: Not installed
2023-07-25 22:54:29,156:INFO:        tune_sklearn: Not installed
2023-07-25 22:54:29,156:INFO:                 ray: Not installed
2023-07-25 22:54:29,156:INFO:            hyperopt: Not installed
2023-07-25 22:54:29,156:INFO:              optuna: Not installed
2023-07-25 22:54:29,156:INFO:               skopt: Not installed
2023-07-25 22:54:29,156:INFO:              mlflow: Not installed
2023-07-25 22:54:29,156:INFO:              gradio: Not installed
2023-07-25 22:54:29,156:INFO:             fastapi: 0.100.0
2023-07-25 22:54:29,156:INFO:             uvicorn: 0.23.0
2023-07-25 22:54:29,156:INFO:              m2cgen: Not installed
2023-07-25 22:54:29,156:INFO:           evidently: Not installed
2023-07-25 22:54:29,157:INFO:               fugue: Not installed
2023-07-25 22:54:29,157:INFO:           streamlit: 1.24.1
2023-07-25 22:54:29,157:INFO:             prophet: 1.1.4
2023-07-25 22:54:29,157:INFO:None
2023-07-25 22:54:29,157:INFO:Set up data.
2023-07-25 22:54:29,221:INFO:Set up index.
2023-07-25 22:54:29,221:INFO:Assigning column types.
2023-07-25 22:54:29,440:INFO:Engine successfully changes for model 'kmeans' to 'sklearn'.
2023-07-25 22:54:29,441:INFO:Engine for model 'dbscan' has not been set explicitly, hence returning None.
2023-07-25 22:54:29,442:WARNING:
'kmodes' is a soft dependency and not included in the pycaret installation. Please run: `pip install kmodes` to install.
Alternately, you can install this by running `pip install pycaret[models]`
2023-07-25 22:54:29,442:INFO:Engine for model 'dbscan' has not been set explicitly, hence returning None.
2023-07-25 22:54:29,442:WARNING:
'kmodes' is a soft dependency and not included in the pycaret installation. Please run: `pip install kmodes` to install.
Alternately, you can install this by running `pip install pycaret[models]`
2023-07-25 22:54:29,442:INFO:Engine successfully changes for model 'dbscan' to 'sklearn'.
2023-07-25 22:54:29,442:WARNING:
'kmodes' is a soft dependency and not included in the pycaret installation. Please run: `pip install kmodes` to install.
Alternately, you can install this by running `pip install pycaret[models]`
2023-07-25 22:54:29,442:WARNING:
'kmodes' is a soft dependency and not included in the pycaret installation. Please run: `pip install kmodes` to install.
Alternately, you can install this by running `pip install pycaret[models]`
2023-07-25 22:54:29,447:INFO:Preparing preprocessing pipeline...
2023-07-25 22:54:29,448:INFO:Set up simple imputation.
2023-07-25 22:54:29,460:INFO:Set up encoding of categorical features.
2023-07-25 22:54:29,460:INFO:Set up feature normalization.
2023-07-25 22:54:41,992:INFO:Finished creating preprocessing pipeline.
2023-07-25 22:54:42,006:INFO:Pipeline: Pipeline(memory=FastMemory(location=/var/folders/q_/m4c7kcfx23lfngmh1d06_9_c0000gn/T/joblib),
         steps=[('numerical_imputer',
                 TransformerWrapper(include=['danceability', 'energy', 'key',
                                             'loudness', 'mode', 'speechiness',
                                             'acousticness', 'instrumentalness',
                                             'liveness', 'valence', 'tempo',
                                             'duration_ms', 'time_signature'],
                                    transformer=SimpleImputer())),
                ('categorical_...
                                    transformer=SimpleImputer(strategy='most_frequent'))),
                ('onehot_encoding',
                 TransformerWrapper(include=['Song', 'Artist', 'type', 'id',
                                             'uri', 'track_href',
                                             'analysis_url'],
                                    transformer=OneHotEncoder(cols=['Song',
                                                                    'Artist',
                                                                    'type',
                                                                    'id', 'uri',
                                                                    'track_href',
                                                                    'analysis_url'],
                                                              handle_missing='return_nan',
                                                              use_cat_names=True))),
                ('normalize',
                 TransformerWrapper(transformer=StandardScaler()))])
2023-07-25 22:54:42,006:INFO:Creating final display dataframe.
2023-07-25 22:54:43,330:INFO:Setup _display_container:                  Description                 Value
0                 Session id                  1823
1        Original data shape             (900, 20)
2     Transformed data shape           (900, 5084)
3           Numeric features                    13
4       Categorical features                     7
5                 Preprocess                  True
6            Imputation type                simple
7         Numeric imputation                  mean
8     Categorical imputation                  mode
9   Maximum one-hot encoding                    -1
10           Encoding method                  None
11                 Normalize                  True
12          Normalize method                zscore
13                  CPU Jobs                    -1
14                   Use GPU                 False
15            Log Experiment                 False
16           Experiment Name  cluster-default-name
17                       USI                  c911
2023-07-25 22:54:43,346:WARNING:
'kmodes' is a soft dependency and not included in the pycaret installation. Please run: `pip install kmodes` to install.
Alternately, you can install this by running `pip install pycaret[models]`
2023-07-25 22:54:43,347:WARNING:
'kmodes' is a soft dependency and not included in the pycaret installation. Please run: `pip install kmodes` to install.
Alternately, you can install this by running `pip install pycaret[models]`
2023-07-25 22:54:43,348:INFO:setup() successfully completed in 15.61s...............
2023-07-25 22:54:47,505:INFO:Initializing create_model()
2023-07-25 22:54:47,506:INFO:create_model(self=<pycaret.clustering.oop.ClusteringExperiment object at 0x7f8785a938b0>, estimator=kmeans, num_clusters=4, fraction=0.05, ground_truth=None, round=4, fit_kwargs=None, experiment_custom_tags=None, verbose=True, system=True, add_to_model_list=True, raise_num_clusters=False, display=None, kwargs={})
2023-07-25 22:54:47,508:INFO:Checking exceptions
2023-07-25 22:54:48,328:INFO:Importing untrained model
2023-07-25 22:54:48,347:INFO:K-Means Clustering Imported successfully
2023-07-25 22:54:48,527:INFO:Fitting Model
2023-07-25 22:54:51,780:INFO:KMeans(n_clusters=4, random_state=1823)
2023-07-25 22:54:51,780:INFO:create_models() successfully completed......................................
2023-07-25 22:54:51,806:INFO:Uploading results into container
2023-07-25 22:54:51,811:INFO:Uploading model into container now
2023-07-25 22:54:51,850:INFO:_master_model_container: 1
2023-07-25 22:54:51,850:INFO:_display_container: 2
2023-07-25 22:54:51,851:INFO:KMeans(n_clusters=4, random_state=1823)
2023-07-25 22:54:51,852:INFO:create_model() successfully completed......................................
2023-07-25 22:54:57,522:INFO:Initializing evaluate_model()
2023-07-25 22:54:57,522:INFO:evaluate_model(self=<pycaret.clustering.oop.ClusteringExperiment object at 0x7f8785a938b0>, estimator=KMeans(n_clusters=4, random_state=1823), fold=None, fit_kwargs=None, plot_kwargs=None, feature_name=None, groups=None)
2023-07-25 22:54:57,580:INFO:Initializing plot_model()
2023-07-25 22:54:57,580:INFO:plot_model(plot=pipeline, fold=None, verbose=False, display=None, display_format=None, estimator=KMeans(n_clusters=4, random_state=1823), feature_name=None, fit_kwargs={}, groups=None, label=False, plot_kwargs=None, save=False, scale=1, self=<pycaret.clustering.oop.ClusteringExperiment object at 0x7f8785a938b0>, system=True)
2023-07-25 22:54:57,580:INFO:Checking exceptions
2023-07-25 22:54:57,583:INFO:Preloading libraries
2023-07-25 22:54:57,588:INFO:Copying training dataset
2023-07-25 22:54:57,588:INFO:Plot type: pipeline
2023-07-25 22:54:58,291:INFO:Visual Rendered Successfully
2023-07-25 22:54:58,512:INFO:plot_model() successfully completed......................................
2023-07-25 22:55:00,240:INFO:Initializing plot_model()
2023-07-25 22:55:00,241:INFO:plot_model(plot=tsne, fold=None, verbose=False, display=None, display_format=None, estimator=KMeans(n_clusters=4, random_state=1823), feature_name=None, fit_kwargs={}, groups=None, label=False, plot_kwargs=None, save=False, scale=1, self=<pycaret.clustering.oop.ClusteringExperiment object at 0x7f8785a938b0>, system=True)
2023-07-25 22:55:00,241:INFO:Checking exceptions
2023-07-25 22:55:00,242:INFO:Preloading libraries
2023-07-25 22:55:00,246:INFO:Copying training dataset
2023-07-25 22:55:00,247:INFO:Plot type: tsne
2023-07-25 22:55:00,247:INFO:SubProcess assign_model() called ==================================
2023-07-25 22:55:00,248:INFO:Initializing assign_model()
2023-07-25 22:55:00,248:INFO:assign_model(self=<pycaret.clustering.oop.ClusteringExperiment object at 0x7f8785a938b0>, model=KMeans(n_clusters=4, random_state=1823), transformation=True, score=False, verbose=False)
2023-07-25 22:55:00,248:INFO:Checking exceptions
2023-07-25 22:55:00,248:INFO:Determining Trained Model
2023-07-25 22:55:00,248:INFO:Trained Model : K-Means Clustering
2023-07-25 22:55:00,248:INFO:Copying data
2023-07-25 22:55:00,549:INFO:Transformation parameter set to True. Assigned clusters are attached on transformed dataset.
2023-07-25 22:55:00,553:INFO:(900, 5085)
2023-07-25 22:55:00,553:INFO:assign_model() successfully completed......................................
2023-07-25 22:55:00,567:INFO:SubProcess assign_model() end ==================================
2023-07-25 22:55:00,581:INFO:Fitting TSNE()
2023-07-25 22:55:00,584:WARNING:/Users/iremkurt/opt/anaconda3/lib/python3.9/site-packages/sklearn/manifold/_t_sne.py:780: FutureWarning: The default initialization in TSNE will change from 'random' to 'pca' in 1.2.
  warnings.warn(

2023-07-25 22:55:00,584:WARNING:/Users/iremkurt/opt/anaconda3/lib/python3.9/site-packages/sklearn/manifold/_t_sne.py:790: FutureWarning: The default learning rate in TSNE will change from 200.0 to 'auto' in 1.2.
  warnings.warn(

2023-07-25 22:55:28,266:INFO:Sorting dataframe
2023-07-25 22:55:28,272:INFO:Rendering Visual
2023-07-25 22:55:31,516:INFO:Visual Rendered Successfully
2023-07-25 22:55:31,744:INFO:plot_model() successfully completed......................................
2023-07-25 22:55:31,785:INFO:Initializing plot_model()
2023-07-25 22:55:31,786:INFO:plot_model(plot=elbow, fold=None, verbose=True, display=None, display_format=None, estimator=KMeans(n_clusters=4, random_state=1823), feature_name=None, fit_kwargs=None, groups=None, label=False, plot_kwargs=None, save=False, scale=1, self=<pycaret.clustering.oop.ClusteringExperiment object at 0x7f8785a938b0>, system=True)
2023-07-25 22:55:31,786:INFO:Checking exceptions
2023-07-25 22:55:31,793:INFO:Preloading libraries
2023-07-25 22:55:31,798:INFO:Copying training dataset
2023-07-25 22:55:31,799:INFO:Plot type: elbow
2023-07-25 22:55:32,736:INFO:Fitting Model
2023-07-25 22:55:50,312:INFO:Visual Rendered Successfully
2023-07-25 22:55:50,449:INFO:plot_model() successfully completed......................................
2023-07-25 22:55:50,518:INFO:Initializing plot_model()
2023-07-25 22:55:50,518:INFO:plot_model(plot=cluster, fold=None, verbose=False, display=None, display_format=None, estimator=KMeans(n_clusters=4, random_state=1823), feature_name=None, fit_kwargs={}, groups=None, label=False, plot_kwargs=None, save=False, scale=1, self=<pycaret.clustering.oop.ClusteringExperiment object at 0x7f8785a938b0>, system=True)
2023-07-25 22:55:50,519:INFO:Checking exceptions
2023-07-25 22:55:50,522:INFO:Preloading libraries
2023-07-25 22:55:50,528:INFO:Copying training dataset
2023-07-25 22:55:50,528:INFO:Plot type: cluster
2023-07-25 22:55:50,529:INFO:SubProcess assign_model() called ==================================
2023-07-25 22:55:50,529:INFO:Initializing assign_model()
2023-07-25 22:55:50,529:INFO:assign_model(self=<pycaret.clustering.oop.ClusteringExperiment object at 0x7f8785a938b0>, model=KMeans(n_clusters=4, random_state=1823), transformation=True, score=True, verbose=False)
2023-07-25 22:55:50,529:INFO:Checking exceptions
2023-07-25 22:55:50,529:INFO:Determining Trained Model
2023-07-25 22:55:50,530:INFO:Trained Model : K-Means Clustering
2023-07-25 22:55:50,530:INFO:Copying data
2023-07-25 22:55:50,787:INFO:Transformation parameter set to True. Assigned clusters are attached on transformed dataset.
2023-07-25 22:55:50,789:INFO:(900, 5085)
2023-07-25 22:55:50,789:INFO:assign_model() successfully completed......................................
2023-07-25 22:55:50,801:INFO:SubProcess assign_model() end ==================================
2023-07-25 22:55:50,856:INFO:Fitting PCA()
2023-07-25 22:55:51,193:INFO:Sorting dataframe
2023-07-25 22:55:51,196:INFO:Rendering Visual
2023-07-25 22:55:51,399:INFO:Visual Rendered Successfully
2023-07-25 22:55:51,522:INFO:plot_model() successfully completed......................................
2023-07-25 22:55:55,963:INFO:Initializing plot_model()
2023-07-25 22:55:55,963:INFO:plot_model(plot=silhouette, fold=None, verbose=False, display=None, display_format=None, estimator=KMeans(n_clusters=4, random_state=1823), feature_name=None, fit_kwargs={}, groups=None, label=False, plot_kwargs=None, save=False, scale=1, self=<pycaret.clustering.oop.ClusteringExperiment object at 0x7f8785a938b0>, system=True)
2023-07-25 22:55:55,963:INFO:Checking exceptions
2023-07-25 22:55:55,965:INFO:Preloading libraries
2023-07-25 22:55:55,969:INFO:Copying training dataset
2023-07-25 22:55:55,969:INFO:Plot type: silhouette
2023-07-25 22:55:56,196:INFO:Fitting Model
2023-07-25 22:55:56,196:WARNING:/Users/iremkurt/opt/anaconda3/lib/python3.9/site-packages/sklearn/base.py:450: UserWarning:

X does not have valid feature names, but KMeans was fitted with feature names


2023-07-25 22:55:56,319:ERROR:Silhouette plot failed. Exception:
2023-07-25 22:55:56,334:ERROR:Traceback (most recent call last):
  File "/Users/iremkurt/opt/anaconda3/lib/python3.9/site-packages/pycaret/internal/pycaret_experiment/tabular_experiment.py", line 1079, in silhouette
    return show_yellowbrick_plot(
  File "/Users/iremkurt/opt/anaconda3/lib/python3.9/site-packages/pycaret/internal/plots/yellowbrick.py", line 87, in show_yellowbrick_plot
    visualizer.fit(X_train, y_train, **fit_kwargs_and_kwargs)
  File "/Users/iremkurt/opt/anaconda3/lib/python3.9/site-packages/yellowbrick/cluster/silhouette.py", line 145, in fit
    labels = self.estimator.predict(X)
  File "/Users/iremkurt/opt/anaconda3/lib/python3.9/site-packages/sklearn/cluster/_kmeans.py", line 1334, in predict
    return _labels_inertia_threadpool_limit(
  File "/Users/iremkurt/opt/anaconda3/lib/python3.9/site-packages/sklearn/cluster/_kmeans.py", line 755, in _labels_inertia_threadpool_limit
    with threadpool_limits(limits=1, user_api="blas"):
  File "/Users/iremkurt/opt/anaconda3/lib/python3.9/site-packages/sklearn/utils/fixes.py", line 314, in threadpool_limits
    return threadpoolctl.threadpool_limits(limits=limits, user_api=user_api)
  File "/Users/iremkurt/opt/anaconda3/lib/python3.9/site-packages/threadpoolctl.py", line 171, in __init__
    self._original_info = self._set_threadpool_limits()
  File "/Users/iremkurt/opt/anaconda3/lib/python3.9/site-packages/threadpoolctl.py", line 268, in _set_threadpool_limits
    modules = _ThreadpoolInfo(prefixes=self._prefixes,
  File "/Users/iremkurt/opt/anaconda3/lib/python3.9/site-packages/threadpoolctl.py", line 340, in __init__
    self._load_modules()
  File "/Users/iremkurt/opt/anaconda3/lib/python3.9/site-packages/threadpoolctl.py", line 371, in _load_modules
    self._find_modules_with_dyld()
  File "/Users/iremkurt/opt/anaconda3/lib/python3.9/site-packages/threadpoolctl.py", line 428, in _find_modules_with_dyld
    self._make_module_from_path(filepath)
  File "/Users/iremkurt/opt/anaconda3/lib/python3.9/site-packages/threadpoolctl.py", line 515, in _make_module_from_path
    module = module_class(filepath, prefix, user_api, internal_api)
  File "/Users/iremkurt/opt/anaconda3/lib/python3.9/site-packages/threadpoolctl.py", line 606, in __init__
    self.version = self.get_version()
  File "/Users/iremkurt/opt/anaconda3/lib/python3.9/site-packages/threadpoolctl.py", line 646, in get_version
    config = get_config().split()
AttributeError: 'NoneType' object has no attribute 'split'

2023-07-25 22:56:01,405:INFO:Initializing plot_model()
2023-07-25 22:56:01,405:INFO:plot_model(plot=elbow, fold=None, verbose=False, display=None, display_format=None, estimator=KMeans(n_clusters=4, random_state=1823), feature_name=None, fit_kwargs={}, groups=None, label=False, plot_kwargs=None, save=False, scale=1, self=<pycaret.clustering.oop.ClusteringExperiment object at 0x7f8785a938b0>, system=True)
2023-07-25 22:56:01,405:INFO:Checking exceptions
2023-07-25 22:56:01,408:INFO:Preloading libraries
2023-07-25 22:56:01,413:INFO:Copying training dataset
2023-07-25 22:56:01,413:INFO:Plot type: elbow
2023-07-25 22:56:01,657:INFO:Fitting Model
2023-07-25 22:56:15,024:INFO:Visual Rendered Successfully
2023-07-25 22:56:15,267:INFO:plot_model() successfully completed......................................
2023-07-25 22:56:15,316:INFO:Initializing evaluate_model()
2023-07-25 22:56:15,317:INFO:evaluate_model(self=<pycaret.clustering.oop.ClusteringExperiment object at 0x7f8785a938b0>, estimator=KMeans(n_clusters=4, random_state=1823), fold=None, fit_kwargs=None, plot_kwargs=None, feature_name=None, groups=None)
2023-07-25 22:56:15,447:INFO:Initializing plot_model()
2023-07-25 22:56:15,448:INFO:plot_model(plot=pipeline, fold=None, verbose=False, display=None, display_format=None, estimator=KMeans(n_clusters=4, random_state=1823), feature_name=None, fit_kwargs={}, groups=None, label=False, plot_kwargs=None, save=False, scale=1, self=<pycaret.clustering.oop.ClusteringExperiment object at 0x7f8785a938b0>, system=True)
2023-07-25 22:56:15,448:INFO:Checking exceptions
2023-07-25 22:56:15,454:INFO:Preloading libraries
2023-07-25 22:56:15,464:INFO:Copying training dataset
2023-07-25 22:56:15,464:INFO:Plot type: pipeline
2023-07-25 22:56:16,267:INFO:Visual Rendered Successfully
2023-07-25 22:56:16,512:INFO:plot_model() successfully completed......................................
2023-07-25 22:56:16,603:INFO:Initializing plot_model()
2023-07-25 22:56:16,604:INFO:plot_model(plot=distribution, fold=None, verbose=False, display=None, display_format=None, estimator=KMeans(n_clusters=4, random_state=1823), feature_name=None, fit_kwargs={}, groups=None, label=False, plot_kwargs=None, save=False, scale=1, self=<pycaret.clustering.oop.ClusteringExperiment object at 0x7f8785a938b0>, system=True)
2023-07-25 22:56:16,604:INFO:Checking exceptions
2023-07-25 22:56:16,605:INFO:Preloading libraries
2023-07-25 22:56:16,614:INFO:Copying training dataset
2023-07-25 22:56:16,615:INFO:Plot type: distribution
2023-07-25 22:56:16,617:INFO:SubProcess assign_model() called ==================================
2023-07-25 22:56:16,618:INFO:Initializing assign_model()
2023-07-25 22:56:16,619:INFO:assign_model(self=<pycaret.clustering.oop.ClusteringExperiment object at 0x7f8785a938b0>, model=KMeans(n_clusters=4, random_state=1823), transformation=False, score=True, verbose=False)
2023-07-25 22:56:16,619:INFO:Checking exceptions
2023-07-25 22:56:16,619:INFO:Determining Trained Model
2023-07-25 22:56:16,619:INFO:Trained Model : K-Means Clustering
2023-07-25 22:56:16,619:INFO:Copying data
2023-07-25 22:56:16,623:INFO:(900, 21)
2023-07-25 22:56:16,623:INFO:assign_model() successfully completed......................................
2023-07-25 22:56:16,624:INFO:SubProcess assign_model() end ==================================
2023-07-25 22:56:16,624:INFO:Sorting dataframe
2023-07-25 22:56:16,651:INFO:Rendering Visual
2023-07-25 22:56:17,126:INFO:Visual Rendered Successfully
2023-07-25 22:56:17,505:INFO:plot_model() successfully completed......................................
2023-07-25 22:56:17,947:INFO:Initializing plot_model()
2023-07-25 22:56:17,948:INFO:plot_model(plot=distribution, fold=None, verbose=False, display=None, display_format=None, estimator=KMeans(n_clusters=4, random_state=1823), feature_name=None, fit_kwargs={}, groups=None, label=False, plot_kwargs=None, save=False, scale=1, self=<pycaret.clustering.oop.ClusteringExperiment object at 0x7f8785a938b0>, system=True)
2023-07-25 22:56:17,948:INFO:Checking exceptions
2023-07-25 22:56:17,949:INFO:Preloading libraries
2023-07-25 22:56:17,957:INFO:Copying training dataset
2023-07-25 22:56:17,957:INFO:Plot type: distribution
2023-07-25 22:56:17,958:INFO:SubProcess assign_model() called ==================================
2023-07-25 22:56:17,959:INFO:Initializing assign_model()
2023-07-25 22:56:17,962:INFO:assign_model(self=<pycaret.clustering.oop.ClusteringExperiment object at 0x7f8785a938b0>, model=KMeans(n_clusters=4, random_state=1823), transformation=False, score=True, verbose=False)
2023-07-25 22:56:17,962:INFO:Checking exceptions
2023-07-25 22:56:17,962:INFO:Determining Trained Model
2023-07-25 22:56:17,963:INFO:Trained Model : K-Means Clustering
2023-07-25 22:56:17,963:INFO:Copying data
2023-07-25 22:56:17,967:INFO:(900, 21)
2023-07-25 22:56:17,967:INFO:assign_model() successfully completed......................................
2023-07-25 22:56:17,967:INFO:SubProcess assign_model() end ==================================
2023-07-25 22:56:17,967:INFO:Sorting dataframe
2023-07-25 22:56:17,979:INFO:Rendering Visual
2023-07-25 22:56:18,230:INFO:Visual Rendered Successfully
2023-07-25 22:56:18,750:INFO:plot_model() successfully completed......................................
2023-07-25 22:56:39,492:INFO:Initializing plot_model()
2023-07-25 22:56:39,492:INFO:plot_model(plot=elbow, fold=None, verbose=True, display=None, display_format=None, estimator=KMeans(n_clusters=4, random_state=1823), feature_name=None, fit_kwargs=None, groups=None, label=False, plot_kwargs=None, save=False, scale=1, self=<pycaret.clustering.oop.ClusteringExperiment object at 0x7f8785a938b0>, system=True)
2023-07-25 22:56:39,494:INFO:Checking exceptions
2023-07-25 22:56:39,507:INFO:Preloading libraries
2023-07-25 22:56:39,513:INFO:Copying training dataset
2023-07-25 22:56:39,513:INFO:Plot type: elbow
2023-07-25 22:56:39,990:INFO:Fitting Model
2023-07-25 22:56:53,657:INFO:Visual Rendered Successfully
2023-07-25 22:56:53,892:INFO:plot_model() successfully completed......................................
2023-07-25 22:56:57,428:INFO:Initializing assign_model()
2023-07-25 22:56:57,429:INFO:assign_model(self=<pycaret.clustering.oop.ClusteringExperiment object at 0x7f8785a938b0>, model=KMeans(n_clusters=4, random_state=1823), transformation=False, score=True, verbose=True)
2023-07-25 22:56:57,429:INFO:Checking exceptions
2023-07-25 22:56:57,429:INFO:Determining Trained Model
2023-07-25 22:56:57,430:INFO:Trained Model : K-Means Clustering
2023-07-25 22:56:57,432:INFO:Copying data
2023-07-25 22:56:57,437:INFO:(900, 21)
2023-07-25 22:56:57,437:INFO:assign_model() successfully completed......................................
2023-07-25 22:57:03,530:INFO:Initializing create_model()
2023-07-25 22:57:03,532:INFO:create_model(self=<pycaret.clustering.oop.ClusteringExperiment object at 0x7f8785a938b0>, estimator=dbscan, num_clusters=4, fraction=0.05, ground_truth=None, round=4, fit_kwargs=None, experiment_custom_tags=None, verbose=True, system=True, add_to_model_list=True, raise_num_clusters=False, display=None, kwargs={})
2023-07-25 22:57:03,532:INFO:Checking exceptions
2023-07-25 22:57:04,107:INFO:Importing untrained model
2023-07-25 22:57:04,117:INFO:Density-Based Spatial Clustering Imported successfully
2023-07-25 22:57:04,205:INFO:Fitting Model
2023-07-25 22:57:06,271:WARNING:/Users/iremkurt/opt/anaconda3/lib/python3.9/site-packages/pycaret/utils/generic.py:528: UserWarning:

Traceback (most recent call last):
  File "/Users/iremkurt/opt/anaconda3/lib/python3.9/site-packages/pycaret/utils/generic.py", line 526, in _calculate_unsupervised_metric
    calculated_metric = score_func(target, labels, **container.args)
  File "/Users/iremkurt/opt/anaconda3/lib/python3.9/site-packages/sklearn/metrics/cluster/_unsupervised.py", line 117, in silhouette_score
    return np.mean(silhouette_samples(X, labels, metric=metric, **kwds))
  File "/Users/iremkurt/opt/anaconda3/lib/python3.9/site-packages/sklearn/metrics/cluster/_unsupervised.py", line 227, in silhouette_samples
    check_number_of_labels(len(le.classes_), n_samples)
  File "/Users/iremkurt/opt/anaconda3/lib/python3.9/site-packages/sklearn/metrics/cluster/_unsupervised.py", line 33, in check_number_of_labels
    raise ValueError(
ValueError: Number of labels is 1. Valid values are 2 to n_samples - 1 (inclusive)



2023-07-25 22:57:06,312:WARNING:/Users/iremkurt/opt/anaconda3/lib/python3.9/site-packages/pycaret/utils/generic.py:528: UserWarning:

Traceback (most recent call last):
  File "/Users/iremkurt/opt/anaconda3/lib/python3.9/site-packages/pycaret/utils/generic.py", line 526, in _calculate_unsupervised_metric
    calculated_metric = score_func(target, labels, **container.args)
  File "/Users/iremkurt/opt/anaconda3/lib/python3.9/site-packages/sklearn/metrics/cluster/_unsupervised.py", line 286, in calinski_harabasz_score
    check_number_of_labels(n_labels, n_samples)
  File "/Users/iremkurt/opt/anaconda3/lib/python3.9/site-packages/sklearn/metrics/cluster/_unsupervised.py", line 33, in check_number_of_labels
    raise ValueError(
ValueError: Number of labels is 1. Valid values are 2 to n_samples - 1 (inclusive)



2023-07-25 22:57:06,359:WARNING:/Users/iremkurt/opt/anaconda3/lib/python3.9/site-packages/pycaret/utils/generic.py:528: UserWarning:

Traceback (most recent call last):
  File "/Users/iremkurt/opt/anaconda3/lib/python3.9/site-packages/pycaret/utils/generic.py", line 526, in _calculate_unsupervised_metric
    calculated_metric = score_func(target, labels, **container.args)
  File "/Users/iremkurt/opt/anaconda3/lib/python3.9/site-packages/sklearn/metrics/cluster/_unsupervised.py", line 344, in davies_bouldin_score
    check_number_of_labels(n_labels, n_samples)
  File "/Users/iremkurt/opt/anaconda3/lib/python3.9/site-packages/sklearn/metrics/cluster/_unsupervised.py", line 33, in check_number_of_labels
    raise ValueError(
ValueError: Number of labels is 1. Valid values are 2 to n_samples - 1 (inclusive)



2023-07-25 22:57:06,359:INFO:DBSCAN(n_jobs=-1)
2023-07-25 22:57:06,360:INFO:create_models() successfully completed......................................
2023-07-25 22:57:06,379:INFO:Uploading results into container
2023-07-25 22:57:06,384:INFO:Uploading model into container now
2023-07-25 22:57:06,406:INFO:_master_model_container: 2
2023-07-25 22:57:06,407:INFO:_display_container: 3
2023-07-25 22:57:06,408:INFO:DBSCAN(n_jobs=-1)
2023-07-25 22:57:06,409:INFO:create_model() successfully completed......................................
2023-07-25 22:57:09,553:INFO:Initializing evaluate_model()
2023-07-25 22:57:09,554:INFO:evaluate_model(self=<pycaret.clustering.oop.ClusteringExperiment object at 0x7f8785a938b0>, estimator=DBSCAN(n_jobs=-1), fold=None, fit_kwargs=None, plot_kwargs=None, feature_name=None, groups=None)
2023-07-25 22:57:09,613:INFO:Initializing plot_model()
2023-07-25 22:57:09,613:INFO:plot_model(plot=pipeline, fold=None, verbose=False, display=None, display_format=None, estimator=DBSCAN(n_jobs=-1), feature_name=None, fit_kwargs={}, groups=None, label=False, plot_kwargs=None, save=False, scale=1, self=<pycaret.clustering.oop.ClusteringExperiment object at 0x7f8785a938b0>, system=True)
2023-07-25 22:57:09,616:INFO:Checking exceptions
2023-07-25 22:57:09,617:INFO:Preloading libraries
2023-07-25 22:57:09,623:INFO:Copying training dataset
2023-07-25 22:57:09,623:INFO:Plot type: pipeline
2023-07-25 22:57:10,140:INFO:Visual Rendered Successfully
2023-07-25 22:57:10,348:INFO:plot_model() successfully completed......................................
2023-07-25 22:57:14,180:INFO:Initializing plot_model()
2023-07-25 22:57:14,180:INFO:plot_model(plot=distribution, fold=None, verbose=False, display=None, display_format=None, estimator=DBSCAN(n_jobs=-1), feature_name=None, fit_kwargs={}, groups=None, label=False, plot_kwargs=None, save=False, scale=1, self=<pycaret.clustering.oop.ClusteringExperiment object at 0x7f8785a938b0>, system=True)
2023-07-25 22:57:14,180:INFO:Checking exceptions
2023-07-25 22:57:14,181:INFO:Preloading libraries
2023-07-25 22:57:14,186:INFO:Copying training dataset
2023-07-25 22:57:14,186:INFO:Plot type: distribution
2023-07-25 22:57:14,189:INFO:SubProcess assign_model() called ==================================
2023-07-25 22:57:14,189:INFO:Initializing assign_model()
2023-07-25 22:57:14,190:INFO:assign_model(self=<pycaret.clustering.oop.ClusteringExperiment object at 0x7f8785a938b0>, model=DBSCAN(n_jobs=-1), transformation=False, score=True, verbose=False)
2023-07-25 22:57:14,190:INFO:Checking exceptions
2023-07-25 22:57:14,190:INFO:Determining Trained Model
2023-07-25 22:57:14,190:INFO:Trained Model : Density-Based Spatial Clustering
2023-07-25 22:57:14,190:INFO:Copying data
2023-07-25 22:57:14,193:INFO:(900, 21)
2023-07-25 22:57:14,194:INFO:assign_model() successfully completed......................................
2023-07-25 22:57:14,194:INFO:SubProcess assign_model() end ==================================
2023-07-25 22:57:14,195:INFO:Sorting dataframe
2023-07-25 22:57:14,204:INFO:Rendering Visual
2023-07-25 22:57:14,420:INFO:Visual Rendered Successfully
2023-07-25 22:57:14,817:INFO:plot_model() successfully completed......................................
2023-07-25 22:57:52,785:WARNING:/Users/iremkurt/opt/anaconda3/lib/python3.9/site-packages/sklearn/metrics/_classification.py:1318: UndefinedMetricWarning:

Precision and F-score are ill-defined and being set to 0.0 in labels with no predicted samples. Use `zero_division` parameter to control this behavior.


2023-07-25 22:57:52,795:WARNING:/Users/iremkurt/opt/anaconda3/lib/python3.9/site-packages/sklearn/metrics/_classification.py:1318: UndefinedMetricWarning:

Precision and F-score are ill-defined and being set to 0.0 in labels with no predicted samples. Use `zero_division` parameter to control this behavior.


2023-07-25 22:57:52,798:WARNING:/Users/iremkurt/opt/anaconda3/lib/python3.9/site-packages/sklearn/metrics/_classification.py:1318: UndefinedMetricWarning:

Precision and F-score are ill-defined and being set to 0.0 in labels with no predicted samples. Use `zero_division` parameter to control this behavior.


2023-07-25 23:00:46,835:INFO:Initializing create_model()
2023-07-25 23:00:46,837:INFO:create_model(self=<pycaret.clustering.oop.ClusteringExperiment object at 0x7f8785a938b0>, estimator=optics, num_clusters=4, fraction=0.05, ground_truth=None, round=4, fit_kwargs=None, experiment_custom_tags=None, verbose=True, system=True, add_to_model_list=True, raise_num_clusters=False, display=None, kwargs={})
2023-07-25 23:00:46,838:INFO:Checking exceptions
2023-07-25 23:00:47,416:INFO:Importing untrained model
2023-07-25 23:00:47,426:INFO:OPTICS Clustering Imported successfully
2023-07-25 23:00:47,526:INFO:Fitting Model
2023-07-25 23:02:23,206:INFO:Initializing create_model()
2023-07-25 23:02:23,207:INFO:create_model(self=<pycaret.clustering.oop.ClusteringExperiment object at 0x7f8785a938b0>, estimator=optics, num_clusters=4, fraction=0.05, ground_truth=None, round=4, fit_kwargs=None, experiment_custom_tags=None, verbose=True, system=True, add_to_model_list=True, raise_num_clusters=False, display=None, kwargs={})
2023-07-25 23:02:23,207:INFO:Checking exceptions
2023-07-25 23:02:24,160:INFO:Importing untrained model
2023-07-25 23:02:24,172:INFO:OPTICS Clustering Imported successfully
2023-07-25 23:02:24,269:INFO:Fitting Model
